#
# There is insufficient memory for the Java Runtime Environment to continue.
# Native memory allocation (malloc) failed to allocate 1048576 bytes for AllocateHeap
# Possible reasons:
#   The system is out of physical RAM or swap space
#   The process is running with CompressedOops enabled, and the Java Heap may be blocking the growth of the native heap
# Possible solutions:
#   Reduce memory load on the system
#   Increase physical memory or swap space
#   Check if swap backing store is full
#   Decrease Java heap size (-Xmx/-Xms)
#   Decrease number of Java threads
#   Decrease Java thread stack sizes (-Xss)
#   Set larger code cache with -XX:ReservedCodeCacheSize=
#   JVM is running with Unscaled Compressed Oops mode in which the Java heap is
#     placed in the first 4GB address space. The Java Heap base address is the
#     maximum limit for the native heap growth. Please use -XX:HeapBaseMinAddress
#     to set the Java Heap base and to place the Java Heap above 4GB virtual address.
# This output file may be truncated or incomplete.
#
#  Out of Memory Error (memory/allocation.inline.hpp:61), pid=4904, tid=0x0000000000003934
#
# JRE version:  (8.0_202-b03) (build )
# Java VM: OpenJDK 64-Bit Server VM (25.202-b03 mixed mode windows-amd64 compressed oops)
# Failed to write core dump. Minidumps are not enabled by default on client versions of Windows
#

---------------  T H R E A D  ---------------

Current thread (0x00000000026ce800):  JavaThread "Unknown thread" [_thread_in_vm, id=14644, stack(0x0000000002570000,0x0000000002670000)]

Stack: [0x0000000002570000,0x0000000002670000]
[error occurred during error reporting (printing stack bounds), id 0xc0000005]

Native frames: (J=compiled Java code, j=interpreted, Vv=VM code, C=native code)


---------------  P R O C E S S  ---------------

Java Threads: ( => current thread )

Other Threads:

=>0x00000000026ce800 (exited) JavaThread "Unknown thread" [_thread_in_vm, id=14644, stack(0x0000000002570000,0x0000000002670000)]

VM state:not at safepoint (normal execution)

VM Mutex/Monitor currently owned by a thread: None

heap address: 0x0000000081600000, size: 2026 MB, Compressed Oops mode: 32-bit
Narrow klass base: 0x0000000000000000, Narrow klass shift: 3
Compressed class space size: 1073741824 Address: 0x0000000100000000

Heap:
 PSYoungGen      total 38400K, used 665K [0x00000000d5d00000, 0x00000000d8780000, 0x0000000100000000)
  eden space 33280K, 2% used [0x00000000d5d00000,0x00000000d5da6670,0x00000000d7d80000)
  from space 5120K, 0% used [0x00000000d8280000,0x00000000d8280000,0x00000000d8780000)
  to   space 5120K, 0% used [0x00000000d7d80000,0x00000000d7d80000,0x00000000d8280000)
 ParOldGen       total 87552K, used 0K [0x0000000081600000, 0x0000000086b80000, 0x00000000d5d00000)
  object space 87552K, 0% used [0x0000000081600000,0x0000000081600000,0x0000000086b80000)
 Metaspace       used 778K, capacity 4480K, committed 4480K, reserved 1056768K
  class space    used 74K, capacity 384K, committed 384K, reserved 1048576K

Card table byte_map: [0x0000000011b90000,0x0000000011f90000] byte_map_base: 0x0000000011785000

Marking Bits: (ParMarkBitMap*) 0x0000000068c09f30
 Begin Bits: [0x0000000012a40000, 0x00000000149e8000)
 End Bits:   [0x00000000149e8000, 0x0000000016990000)

Polling page: 0x0000000000ce0000

CodeCache: size=245760Kb used=328Kb max_used=328Kb free=245431Kb
 bounds [0x00000000027d0000, 0x0000000002a40000, 0x00000000117d0000]
 total_blobs=57 nmethods=0 adapters=38
 compilation: enabled

Compilation events (0 events):
No events

GC Heap History (0 events):
No events

Deoptimization events (0 events):
No events

Classes redefined (0 events):
No events

Internal exceptions (0 events):
No events

Events (10 events):
Event: 0.028 loading class java/lang/Short
Event: 0.028 loading class java/lang/Short done
Event: 0.028 loading class java/lang/Integer
Event: 0.028 loading class java/lang/Integer done
Event: 0.028 loading class java/lang/Long
Event: 0.028 loading class java/lang/Long done
Event: 0.029 loading class java/lang/NullPointerException
Event: 0.029 loading class java/lang/NullPointerException done
Event: 0.029 loading class java/lang/ArithmeticException
Event: 0.029 loading class java/lang/ArithmeticException done


Dynamic libraries:
0x00007ff6773c0000 - 0x00007ff6773f1000 	C:\Program Files\Android\Android Studio\jre\jre\bin\java.exe
0x00007ffbc8830000 - 0x00007ffbc8a01000 	C:\Windows\SYSTEM32\ntdll.dll
0x00007ffbc6340000 - 0x00007ffbc63eb000 	C:\Windows\System32\KERNEL32.DLL
0x00007ffbc5670000 - 0x00007ffbc588d000 	C:\Windows\System32\KERNELBASE.dll
0x00007ffbc61f0000 - 0x00007ffbc6292000 	C:\Windows\System32\ADVAPI32.dll
0x00007ffbc79d0000 - 0x00007ffbc7a6e000 	C:\Windows\System32\msvcrt.dll
0x00007ffbc6430000 - 0x00007ffbc6489000 	C:\Windows\System32\sechost.dll
0x00007ffbc7bb0000 - 0x00007ffbc7cd1000 	C:\Windows\System32\RPCRT4.dll
0x00007ffbc8090000 - 0x00007ffbc81f5000 	C:\Windows\System32\USER32.dll
0x00007ffbc5af0000 - 0x00007ffbc5b0e000 	C:\Windows\System32\win32u.dll
0x00007ffbc63f0000 - 0x00007ffbc6424000 	C:\Windows\System32\GDI32.dll
0x00007ffbc5890000 - 0x00007ffbc5a12000 	C:\Windows\System32\gdi32full.dll
0x00007ffbbd3e0000 - 0x00007ffbbd65a000 	C:\Windows\WinSxS\amd64_microsoft.windows.common-controls_6595b64144ccf1df_6.0.14393.351_none_4213128bc687e6d3\COMCTL32.dll
0x00007ffbc8550000 - 0x00007ffbc8817000 	C:\Windows\System32\combase.dll
0x00007ffbc5b60000 - 0x00007ffbc5c55000 	C:\Windows\System32\ucrtbase.dll
0x00007ffbc5a20000 - 0x00007ffbc5a8a000 	C:\Windows\System32\bcryptPrimitives.dll
0x00007ffbc79a0000 - 0x00007ffbc79ce000 	C:\Windows\System32\IMM32.DLL
0x0000000068280000 - 0x0000000068352000 	C:\Program Files\Android\Android Studio\jre\jre\bin\msvcr100.dll
0x0000000068440000 - 0x0000000068c86000 	C:\Program Files\Android\Android Studio\jre\jre\bin\server\jvm.dll
0x00007ffbc8820000 - 0x00007ffbc8828000 	C:\Windows\System32\PSAPI.DLL
0x00007ffbc0e70000 - 0x00007ffbc0e79000 	C:\Windows\SYSTEM32\WSOCK32.dll
0x00007ffbbe2c0000 - 0x00007ffbbe2ca000 	C:\Windows\SYSTEM32\VERSION.dll
0x00007ffbc2920000 - 0x00007ffbc2943000 	C:\Windows\SYSTEM32\WINMM.dll
0x00007ffbc84e0000 - 0x00007ffbc854a000 	C:\Windows\System32\WS2_32.dll
0x0000000000d90000 - 0x0000000000dbb000 	C:\Windows\SYSTEM32\WINMMBASE.dll
0x00007ffbc5b10000 - 0x00007ffbc5b52000 	C:\Windows\System32\cfgmgr32.dll
0x00007ffbc2ae0000 - 0x00007ffbc2aef000 	C:\Program Files\Android\Android Studio\jre\jre\bin\verify.dll
0x00007ffbc05b0000 - 0x00007ffbc05d9000 	C:\Program Files\Android\Android Studio\jre\jre\bin\java.dll
0x00007ffbc0520000 - 0x00007ffbc0536000 	C:\Program Files\Android\Android Studio\jre\jre\bin\zip.dll

VM Arguments:
java_command: org.jetbrains.git4idea.http.GitAskPassApp Username for 'https://github.com': 
java_class_path (initial): C:/Program Files/Android/Android Studio/plugins/git4idea/lib/git4idea-rt.jar;C:/Program Files/Android/Android Studio/lib/xmlrpc-2.0.1.jar;C:/Program Files/Android/Android Studio/lib/commons-codec-1.10.jar;C:/Program Files/Android/Android Studio/lib/util.jar
Launcher Type: SUN_STANDARD

Environment Variables:
PATH=E:/Git/mingw64/libexec/git-core;E:/Git/mingw64/libexec/git-core;E:\Git\mingw64\bin;E:\Git\usr\bin;C:\Users\dell m2800\bin;C:\Windows\system32;C:\Windows;C:\Windows\System32\Wbem;C:\Windows\System32\WindowsPowerShell\v1.0\;C:\Program Files (x86)\AMD\ATI.ACE\Core-Static;E:\Git\cmd;C:\Users\dell m2800\AppData\Local\Microsoft\WindowsApps;;E:\Microsoft VS Code\bin
USERNAME=dell m2800
DISPLAY=:0.0
OS=Windows_NT
PROCESSOR_IDENTIFIER=Intel64 Family 6 Model 60 Stepping 3, GenuineIntel



---------------  S Y S T E M  ---------------

OS: Windows 10.0 , 64 bit Build 14393 (10.0.14393.0)

CPU:total 8 (initial active 8) (4 cores per cpu, 2 threads per core) family 6 model 60 stepping 3, cmov, cx8, fxsr, mmx, sse, sse2, sse3, ssse3, sse4.1, sse4.2, popcnt, avx, avx2, aes, clmul, erms, lzcnt, ht, tsc, tscinvbit, bmi1, bmi2

Memory: 4k page, physical 8291472k(257636k free), swap 13243656k(5600k free)

vm_info: OpenJDK 64-Bit Server VM (25.202-b03) for windows-amd64 JRE (1.8.0_202-release-1483-b03), built by "builder" with MS VC++ 10.0 (VS2010)

time: Wed Apr 08 18:42:53 2020
timezone: Pakistan Standard Time
elapsed time: 0 seconds (0d 0h 0m 0s)

